0 info it worked if it ends with ok
1 verbose cli [ 'node',
1 verbose cli   '/usr/local/bin/npm',
1 verbose cli   'install',
1 verbose cli   'babel-preset-react-hot',
1 verbose cli   '--save-dev' ]
2 info using npm@1.4.28
3 info using node@v0.10.33
4 verbose readDependencies using package.json deps
5 verbose cache add [ 'babel-preset-react-hot', null ]
6 verbose cache add name=undefined spec="babel-preset-react-hot" args=["babel-preset-react-hot",null]
7 verbose parsed url { protocol: null,
7 verbose parsed url   slashes: null,
7 verbose parsed url   auth: null,
7 verbose parsed url   host: null,
7 verbose parsed url   port: null,
7 verbose parsed url   hostname: null,
7 verbose parsed url   hash: null,
7 verbose parsed url   search: null,
7 verbose parsed url   query: null,
7 verbose parsed url   pathname: 'babel-preset-react-hot',
7 verbose parsed url   path: 'babel-preset-react-hot',
7 verbose parsed url   href: 'babel-preset-react-hot' }
8 silly lockFile aa1d7b57-babel-preset-react-hot babel-preset-react-hot
9 verbose lock babel-preset-react-hot /Users/donald/.npm/aa1d7b57-babel-preset-react-hot.lock
10 silly lockFile aa1d7b57-babel-preset-react-hot babel-preset-react-hot
11 silly lockFile aa1d7b57-babel-preset-react-hot babel-preset-react-hot
12 verbose addNamed [ 'babel-preset-react-hot', '' ]
13 verbose addNamed [ null, '*' ]
14 silly lockFile 7ea2179b-babel-preset-react-hot babel-preset-react-hot@
15 verbose lock babel-preset-react-hot@ /Users/donald/.npm/7ea2179b-babel-preset-react-hot.lock
16 silly addNameRange { name: 'babel-preset-react-hot', range: '*', hasData: false }
17 verbose request where is /babel-preset-react-hot
18 verbose request registry https://registry.npmjs.org/
19 verbose request id b4f7d16e5c295238
20 verbose url raw /babel-preset-react-hot
21 verbose url resolving [ 'https://registry.npmjs.org/', './babel-preset-react-hot' ]
22 verbose url resolved https://registry.npmjs.org/babel-preset-react-hot
23 verbose request where is https://registry.npmjs.org/babel-preset-react-hot
24 info trying registry request attempt 1 at 23:27:04
25 http GET https://registry.npmjs.org/babel-preset-react-hot
26 http 404 https://registry.npmjs.org/babel-preset-react-hot
27 silly registry.get cb [ 404,
27 silly registry.get   { 'content-type': 'application/json',
27 silly registry.get     'cache-control': 'max-age=0',
27 silly registry.get     'content-length': '2',
27 silly registry.get     'accept-ranges': 'bytes',
27 silly registry.get     date: 'Sun, 29 Nov 2015 04:27:05 GMT',
27 silly registry.get     via: '1.1 varnish',
27 silly registry.get     age: '0',
27 silly registry.get     connection: 'keep-alive',
27 silly registry.get     'x-served-by': 'cache-atl6224-ATL',
27 silly registry.get     'x-cache': 'MISS',
27 silly registry.get     'x-cache-hits': '0',
27 silly registry.get     'x-timer': 'S1448771225.229269,VS0,VE29' } ]
28 silly lockFile 7ea2179b-babel-preset-react-hot babel-preset-react-hot@
29 silly lockFile 7ea2179b-babel-preset-react-hot babel-preset-react-hot@
30 error 404 Not Found
30 error 404
30 error 404 'babel-preset-react-hot' is not in the npm registry.
30 error 404 You should bug the author to publish it
30 error 404 It was specified as a dependency of 'react-project'
30 error 404
30 error 404 Note that you can also install from a
30 error 404 tarball, folder, or http url, or git url.
31 error System Darwin 15.0.0
32 error command "node" "/usr/local/bin/npm" "install" "babel-preset-react-hot" "--save-dev"
33 error cwd /Users/donald/Programming/Javascript/react-project
34 error node -v v0.10.33
35 error npm -v 1.4.28
36 error code E404
37 verbose exit [ 1, true ]
